[0.545s] Invoking command in '/root/ros2_ws/src/mypkg': PYTHONPATH=/root/ros2_ws/src/mypkg/build/mypkg/prefix_override:/root/ros2_ws/src/mypkg/install/mypkg/lib/python3.8/site-packages:${PYTHONPATH} /usr/bin/python3 setup.py egg_info --egg-base build/mypkg build --build-base /root/ros2_ws/src/mypkg/build/mypkg/build install --record /root/ros2_ws/src/mypkg/build/mypkg/install.log --install-scripts $base/lib/mypkg --single-version-externally-managed
[0.663s] running egg_info
[0.664s] writing build/mypkg/mypkg.egg-info/PKG-INFO
[0.664s] writing dependency_links to build/mypkg/mypkg.egg-info/dependency_links.txt
[0.664s] writing entry points to build/mypkg/mypkg.egg-info/entry_points.txt
[0.664s] writing requirements to build/mypkg/mypkg.egg-info/requires.txt
[0.664s] writing top-level names to build/mypkg/mypkg.egg-info/top_level.txt
[0.686s] reading manifest file 'build/mypkg/mypkg.egg-info/SOURCES.txt'
[0.687s] writing manifest file 'build/mypkg/mypkg.egg-info/SOURCES.txt'
[0.687s] running build
[0.687s] running build_py
[0.687s] running install
[0.688s] running install_lib
[0.689s] running install_data
[0.689s] running install_egg_info
[0.690s] removing '/root/ros2_ws/src/mypkg/install/mypkg/lib/python3.8/site-packages/mypkg-0.0.0-py3.8.egg-info' (and everything under it)
[0.690s] Copying build/mypkg/mypkg.egg-info to /root/ros2_ws/src/mypkg/install/mypkg/lib/python3.8/site-packages/mypkg-0.0.0-py3.8.egg-info
[0.691s] running install_scripts
[0.702s] Installing listener script to /root/ros2_ws/src/mypkg/install/mypkg/lib/mypkg
[0.703s] Installing talker script to /root/ros2_ws/src/mypkg/install/mypkg/lib/mypkg
[0.703s] writing list of installed files to '/root/ros2_ws/src/mypkg/build/mypkg/install.log'
[0.716s] Invoked command in '/root/ros2_ws/src/mypkg' returned '0': PYTHONPATH=/root/ros2_ws/src/mypkg/build/mypkg/prefix_override:/root/ros2_ws/src/mypkg/install/mypkg/lib/python3.8/site-packages:${PYTHONPATH} /usr/bin/python3 setup.py egg_info --egg-base build/mypkg build --build-base /root/ros2_ws/src/mypkg/build/mypkg/build install --record /root/ros2_ws/src/mypkg/build/mypkg/install.log --install-scripts $base/lib/mypkg --single-version-externally-managed
