[0.676s] Invoking command in '/root/ros2_ws/src/mypkg': PYTHONPATH=/root/ros2_ws/src/mypkg/build/mypkg/prefix_override:/root/ros2_ws/src/mypkg/install/mypkg/lib/python3.8/site-packages:${PYTHONPATH} /usr/bin/python3 setup.py egg_info --egg-base build/mypkg build --build-base /root/ros2_ws/src/mypkg/build/mypkg/build install --record /root/ros2_ws/src/mypkg/build/mypkg/install.log --install-scripts $base/lib/mypkg --single-version-externally-managed
[0.795s] running egg_info
[0.795s] writing build/mypkg/mypkg.egg-info/PKG-INFO
[0.795s] writing dependency_links to build/mypkg/mypkg.egg-info/dependency_links.txt
[0.796s] writing entry points to build/mypkg/mypkg.egg-info/entry_points.txt
[0.796s] writing requirements to build/mypkg/mypkg.egg-info/requires.txt
[0.796s] writing top-level names to build/mypkg/mypkg.egg-info/top_level.txt
[0.819s] reading manifest file 'build/mypkg/mypkg.egg-info/SOURCES.txt'
[0.820s] writing manifest file 'build/mypkg/mypkg.egg-info/SOURCES.txt'
[0.820s] running build
[0.820s] running build_py
[0.820s] copying mypkg/talker.py -> /root/ros2_ws/src/mypkg/build/mypkg/build/lib/mypkg
[0.820s] copying mypkg/listener.py -> /root/ros2_ws/src/mypkg/build/mypkg/build/lib/mypkg
[0.820s] running install
[0.821s] running install_lib
[0.822s] copying /root/ros2_ws/src/mypkg/build/mypkg/build/lib/mypkg/talker.py -> /root/ros2_ws/src/mypkg/install/mypkg/lib/python3.8/site-packages/mypkg
[0.822s] copying /root/ros2_ws/src/mypkg/build/mypkg/build/lib/mypkg/listener.py -> /root/ros2_ws/src/mypkg/install/mypkg/lib/python3.8/site-packages/mypkg
[0.822s] byte-compiling /root/ros2_ws/src/mypkg/install/mypkg/lib/python3.8/site-packages/mypkg/talker.py to talker.cpython-38.pyc
[0.823s] byte-compiling /root/ros2_ws/src/mypkg/install/mypkg/lib/python3.8/site-packages/mypkg/listener.py to listener.cpython-38.pyc
[0.823s] running install_data
[0.824s] copying package.xml -> /root/ros2_ws/src/mypkg/install/mypkg/share/mypkg
[0.824s] copying launch/talk_listen.launch.py -> /root/ros2_ws/src/mypkg/install/mypkg/share/mypkg
[0.825s] running install_egg_info
[0.826s] removing '/root/ros2_ws/src/mypkg/install/mypkg/lib/python3.8/site-packages/mypkg-0.0.0-py3.8.egg-info' (and everything under it)
[0.826s] Copying build/mypkg/mypkg.egg-info to /root/ros2_ws/src/mypkg/install/mypkg/lib/python3.8/site-packages/mypkg-0.0.0-py3.8.egg-info
[0.827s] running install_scripts
[0.837s] Installing listener script to /root/ros2_ws/src/mypkg/install/mypkg/lib/mypkg
[0.837s] Installing talker script to /root/ros2_ws/src/mypkg/install/mypkg/lib/mypkg
[0.837s] writing list of installed files to '/root/ros2_ws/src/mypkg/build/mypkg/install.log'
[0.852s] Invoked command in '/root/ros2_ws/src/mypkg' returned '0': PYTHONPATH=/root/ros2_ws/src/mypkg/build/mypkg/prefix_override:/root/ros2_ws/src/mypkg/install/mypkg/lib/python3.8/site-packages:${PYTHONPATH} /usr/bin/python3 setup.py egg_info --egg-base build/mypkg build --build-base /root/ros2_ws/src/mypkg/build/mypkg/build install --record /root/ros2_ws/src/mypkg/build/mypkg/install.log --install-scripts $base/lib/mypkg --single-version-externally-managed
